<?xml version="1.0" encoding="UTF-8"?>
<!-- Generated by org.testng.reporters.JUnitReportReporter -->
<testsuite skipped="0" hostname="DESKTOP-E4661M5" name="com.crm.qa.testcases.HomePageTest" tests="3" failures="0" timestamp="10 Oct 2018 08:33:53 GMT" time="38.722" errors="0">
  <testcase name="verifyHomePageTitleTest" time="11.990" classname="com.crm.qa.testcases.HomePageTest"/>
  <testcase name="verifyContactsLinkTest" time="13.901" classname="com.crm.qa.testcases.HomePageTest"/>
  <testcase name="verifyUserNameTest" time="12.831" classname="com.crm.qa.testcases.HomePageTest"/>
</testsuite> <!-- com.crm.qa.testcases.HomePageTest -->
