<?xml version="1.0" encoding="UTF-8"?>
<!-- Generated by org.testng.reporters.JUnitReportReporter -->
<testsuite skipped="0" hostname="DESKTOP-E4661M5" name="com.crm.qa.testcases.AdrushyaScripts" tests="1" failures="0" timestamp="26 Aug 2019 04:07:19 GMT" time="9.769" errors="0">
  <testcase name="CopyFilesUsingReferenceCompressedPics" time="9.769" classname="com.crm.qa.testcases.AdrushyaScripts"/>
</testsuite> <!-- com.crm.qa.testcases.AdrushyaScripts -->
